[www.jqueryscript.net/demo/jQuery-Plugin-For-Dynamic-Spreadsheet-like-Data-Grid-jExcel/index.html]
[backblue.gif]
[fade.gif]
[index.html]
[jquery.app/jqueryscripttop.css]
[cdnjs.cloudflare.com/ajax/libs/spectrum/1.8.0/spectrum.min.css]
[www.jqueryscript.net/demo/jQuery-Plugin-For-Dynamic-Spreadsheet-like-Data-Grid-jExcel/dist/css/jquery.jexcel.css]
[www.jqueryscript.net/demo/jQuery-Plugin-For-Dynamic-Spreadsheet-like-Data-Grid-jExcel/dist/css/jquery.jcalendar.css]
[pagead2.googlesyndication.com/pagead/f.txt]
[code.highcharts.com/highcharts.7.delayed]
[code.jquery.com/jquery-1.12.4.min.js]
[cdnjs.cloudflare.com/ajax/libs/jquery.mask/1.14.3/jquery.mask.min.js]
[cdnjs.cloudflare.com/ajax/libs/jquery-csv/0.71/jquery.csv-0.71.min.js]
[cdnjs.cloudflare.com/ajax/libs/spectrum/1.8.0/spectrum.min.js]
[www.jqueryscript.net/demo/jQuery-Plugin-For-Dynamic-Spreadsheet-like-Data-Grid-jExcel/dist/js/jquery.jexcel.js]
[www.jqueryscript.net/demo/jQuery-Plugin-For-Dynamic-Spreadsheet-like-Data-Grid-jExcel/index.html]
[jquery.app/jqueryscripttop.css]
[cdnjs.cloudflare.com/ajax/libs/spectrum/1.8.0/spectrum.min.css]
[www.jqueryscript.net/demo/jQuery-Plugin-For-Dynamic-Spreadsheet-like-Data-Grid-jExcel/dist/css/jquery.jexcel.css]
[www.jqueryscript.net/demo/jQuery-Plugin-For-Dynamic-Spreadsheet-like-Data-Grid-jExcel/dist/js/jquery.jcalendar.js]
[www.jqueryscript.net/demo/jQuery-Plugin-For-Dynamic-Spreadsheet-like-Data-Grid-jExcel/dist/css/img/calendar.d.delayed]
[www.jqueryscript.net/demo/jQuery-Plugin-For-Dynamic-Spreadsheet-like-Data-Grid-jExcel/dist/css/jquery.jcalendar.css]
[code.highcharts.com/highcharts.html]
[www.jqueryscript.net/demo/jQuery-Plugin-For-Dynamic-Spreadsheet-like-Data-Grid-jExcel/dist/css/img/calendar.html]
